# JRE version: Java(TM) SE Runtime Environment (8.0_152-b16) (build 1.8.0_152-b16)
# Java VM: Java HotSpot(TM) 64-Bit Server VM (25.152-b16 mixed mode windows-amd64 compressed oops)
Heap:
 PSYoungGen      total 108032K, used 9526K [0x00000000eab00000, 0x00000000f2500000, 0x0000000100000000)
  eden space 95232K, 10% used [0x00000000eab00000,0x00000000eb44da60,0x00000000f0800000)
  from space 12800K, 0% used [0x00000000f1500000,0x00000000f1500000,0x00000000f2180000)
  to   space 13312K, 0% used [0x00000000f0800000,0x00000000f0800000,0x00000000f1500000)
 ParOldGen       total 104448K, used 17286K [0x00000000c0000000, 0x00000000c6600000, 0x00000000eab00000)
  object space 104448K, 16% used [0x00000000c0000000,0x00000000c10e1a60,0x00000000c6600000)
 Metaspace       used 35091K, capacity 35756K, committed 35880K, reserved 1079296K
  class space    used 4943K, capacity 5169K, committed 5248K, reserved 1048576K
GC Heap History (10 events):
Event: 2.267 GC heap before
{Heap before GC invocations=4 (full 1):
 PSYoungGen      total 76288K, used 8106K [0x00000000eab00000, 0x00000000f0000000, 0x0000000100000000)
  eden space 65536K, 0% used [0x00000000eab00000,0x00000000eab00000,0x00000000eeb00000)
  from space 10752K, 75% used [0x00000000eeb00000,0x00000000ef2eab78,0x00000000ef580000)
  to   space 10752K, 0% used [0x00000000ef580000,0x00000000ef580000,0x00000000f0000000)
 ParOldGen       total 175104K, used 32K [0x00000000c0000000, 0x00000000cab00000, 0x00000000eab00000)
  object space 175104K, 0% used [0x00000000c0000000,0x00000000c0008000,0x00000000cab00000)
 Metaspace       used 20747K, capacity 21162K, committed 21296K, reserved 1067008K
  class space    used 2965K, capacity 3136K, committed 3200K, reserved 1048576K
Event: 2.306 GC heap after
Heap after GC invocations=4 (full 1):
 PSYoungGen      total 76288K, used 0K [0x00000000eab00000, 0x00000000f0000000, 0x0000000100000000)
  eden space 65536K, 0% used [0x00000000eab00000,0x00000000eab00000,0x00000000eeb00000)
  from space 10752K, 0% used [0x00000000eeb00000,0x00000000eeb00000,0x00000000ef580000)
  to   space 10752K, 0% used [0x00000000ef580000,0x00000000ef580000,0x00000000f0000000)
 ParOldGen       total 104448K, used 7912K [0x00000000c0000000, 0x00000000c6600000, 0x00000000eab00000)
  object space 104448K, 7% used [0x00000000c0000000,0x00000000c07ba288,0x00000000c6600000)
 Metaspace       used 20747K, capacity 21162K, committed 21296K, reserved 1067008K
  class space    used 2965K, capacity 3136K, committed 3200K, reserved 1048576K
}
Event: 2.975 GC heap before
{Heap before GC invocations=5 (full 1):
 PSYoungGen      total 76288K, used 65536K [0x00000000eab00000, 0x00000000f0000000, 0x0000000100000000)
  eden space 65536K, 100% used [0x00000000eab00000,0x00000000eeb00000,0x00000000eeb00000)
  from space 10752K, 0% used [0x00000000eeb00000,0x00000000eeb00000,0x00000000ef580000)
  to   space 10752K, 0% used [0x00000000ef580000,0x00000000ef580000,0x00000000f0000000)
 ParOldGen       total 104448K, used 7912K [0x00000000c0000000, 0x00000000c6600000, 0x00000000eab00000)
  object space 104448K, 7% used [0x00000000c0000000,0x00000000c07ba288,0x00000000c6600000)
 Metaspace       used 26517K, capacity 26970K, committed 27264K, reserved 1073152K
  class space    used 3733K, capacity 3870K, committed 3968K, reserved 1048576K
Event: 2.980 GC heap after
Heap after GC invocations=5 (full 1):
 PSYoungGen      total 76288K, used 6829K [0x00000000eab00000, 0x00000000f1f80000, 0x0000000100000000)
  eden space 65536K, 0% used [0x00000000eab00000,0x00000000eab00000,0x00000000eeb00000)
  from space 10752K, 63% used [0x00000000ef580000,0x00000000efc2b760,0x00000000f0000000)
  to   space 10752K, 0% used [0x00000000eeb00000,0x00000000eeb00000,0x00000000ef580000)
 ParOldGen       total 104448K, used 7920K [0x00000000c0000000, 0x00000000c6600000, 0x00000000eab00000)
  object space 104448K, 7% used [0x00000000c0000000,0x00000000c07bc288,0x00000000c6600000)
 Metaspace       used 26517K, capacity 26970K, committed 27264K, reserved 1073152K
  class space    used 3733K, capacity 3870K, committed 3968K, reserved 1048576K
}
Event: 3.888 GC heap before
{Heap before GC invocations=6 (full 1):
 PSYoungGen      total 76288K, used 72365K [0x00000000eab00000, 0x00000000f1f80000, 0x0000000100000000)
  eden space 65536K, 100% used [0x00000000eab00000,0x00000000eeb00000,0x00000000eeb00000)
  from space 10752K, 63% used [0x00000000ef580000,0x00000000efc2b760,0x00000000f0000000)
  to   space 10752K, 0% used [0x00000000eeb00000,0x00000000eeb00000,0x00000000ef580000)
 ParOldGen       total 104448K, used 7920K [0x00000000c0000000, 0x00000000c6600000, 0x00000000eab00000)
  object space 104448K, 7% used [0x00000000c0000000,0x00000000c07bc288,0x00000000c6600000)
 Metaspace       used 32092K, capacity 32776K, committed 33024K, reserved 1077248K
  class space    used 4529K, capacity 4778K, committed 4864K, reserved 1048576K
Event: 3.896 GC heap after
Heap after GC invocations=6 (full 1):
 PSYoungGen      total 76288K, used 10730K [0x00000000eab00000, 0x00000000f2180000, 0x0000000100000000)
  eden space 65536K, 0% used [0x00000000eab00000,0x00000000eab00000,0x00000000eeb00000)
  from space 10752K, 99% used [0x00000000eeb00000,0x00000000ef57a8c8,0x00000000ef580000)
  to   space 12800K, 0% used [0x00000000f1500000,0x00000000f1500000,0x00000000f2180000)
 ParOldGen       total 104448K, used 8700K [0x00000000c0000000, 0x00000000c6600000, 0x00000000eab00000)
  object space 104448K, 8% used [0x00000000c0000000,0x00000000c087f098,0x00000000c6600000)
 Metaspace       used 32092K, capacity 32776K, committed 33024K, reserved 1077248K
  class space    used 4529K, capacity 4778K, committed 4864K, reserved 1048576K
}
Event: 4.246 GC heap before
{Heap before GC invocations=7 (full 1):
 PSYoungGen      total 76288K, used 40995K [0x00000000eab00000, 0x00000000f2180000, 0x0000000100000000)
  eden space 65536K, 46% used [0x00000000eab00000,0x00000000ec88e728,0x00000000eeb00000)
  from space 10752K, 99% used [0x00000000eeb00000,0x00000000ef57a8c8,0x00000000ef580000)
  to   space 12800K, 0% used [0x00000000f1500000,0x00000000f1500000,0x00000000f2180000)
 ParOldGen       total 104448K, used 8700K [0x00000000c0000000, 0x00000000c6600000, 0x00000000eab00000)
  object space 104448K, 8% used [0x00000000c0000000,0x00000000c087f098,0x00000000c6600000)
 Metaspace       used 34759K, capacity 35460K, committed 35496K, reserved 1079296K
  class space    used 4889K, capacity 5113K, committed 5120K, reserved 1048576K
Event: 4.254 GC heap after
Heap after GC invocations=7 (full 1):
 PSYoungGen      total 108032K, used 11089K [0x00000000eab00000, 0x00000000f2500000, 0x0000000100000000)
  eden space 95232K, 0% used [0x00000000eab00000,0x00000000eab00000,0x00000000f0800000)
  from space 12800K, 86% used [0x00000000f1500000,0x00000000f1fd4790,0x00000000f2180000)
  to   space 13312K, 0% used [0x00000000f0800000,0x00000000f0800000,0x00000000f1500000)
 ParOldGen       total 104448K, used 8727K [0x00000000c0000000, 0x00000000c6600000, 0x00000000eab00000)
  object space 104448K, 8% used [0x00000000c0000000,0x00000000c0885ce8,0x00000000c6600000)
 Metaspace       used 34759K, capacity 35460K, committed 35496K, reserved 1079296K
  class space    used 4889K, capacity 5113K, committed 5120K, reserved 1048576K
}
Event: 4.254 GC heap before
{Heap before GC invocations=8 (full 2):
 PSYoungGen      total 108032K, used 11089K [0x00000000eab00000, 0x00000000f2500000, 0x0000000100000000)
  eden space 95232K, 0% used [0x00000000eab00000,0x00000000eab00000,0x00000000f0800000)
  from space 12800K, 86% used [0x00000000f1500000,0x00000000f1fd4790,0x00000000f2180000)
  to   space 13312K, 0% used [0x00000000f0800000,0x00000000f0800000,0x00000000f1500000)
 ParOldGen       total 104448K, used 8727K [0x00000000c0000000, 0x00000000c6600000, 0x00000000eab00000)
  object space 104448K, 8% used [0x00000000c0000000,0x00000000c0885ce8,0x00000000c6600000)
 Metaspace       used 34759K, capacity 35460K, committed 35496K, reserved 1079296K
  class space    used 4889K, capacity 5113K, committed 5120K, reserved 1048576K
Event: 4.302 GC heap after
Heap after GC invocations=8 (full 2):
 PSYoungGen      total 108032K, used 0K [0x00000000eab00000, 0x00000000f2500000, 0x0000000100000000)
  eden space 95232K, 0% used [0x00000000eab00000,0x00000000eab00000,0x00000000f0800000)
  from space 12800K, 0% used [0x00000000f1500000,0x00000000f1500000,0x00000000f2180000)
  to   space 13312K, 0% used [0x00000000f0800000,0x00000000f0800000,0x00000000f1500000)
 ParOldGen       total 104448K, used 17286K [0x00000000c0000000, 0x00000000c6600000, 0x00000000eab00000)
  object space 104448K, 16% used [0x00000000c0000000,0x00000000c10e1a60,0x00000000c6600000)
 Metaspace       used 34740K, capacity 35436K, committed 35496K, reserved 1079296K
  class space    used 4883K, capacity 5105K, committed 5120K, reserved 1048576K
}

